# JRE version: OpenJDK Runtime Environment (8.0_152-b01) (build 1.8.0_152-release-1024-b01)
# Java VM: OpenJDK 64-Bit Server VM (25.152-b01 mixed mode linux-amd64 compressed oops)
Heap:
 PSYoungGen      total 202752K, used 32K [0x00000000e0000000, 0x00000000ef980000, 0x0000000100000000)
  eden space 185856K, 0% used [0x00000000e0000000,0x00000000e0000000,0x00000000eb580000)
  from space 16896K, 0% used [0x00000000eb580000,0x00000000eb588000,0x00000000ec600000)
  to   space 17408K, 0% used [0x00000000ec600000,0x00000000ec600000,0x00000000ed700000)
 ParOldGen       total 54784K, used 39837K [0x00000000a0000000, 0x00000000a3580000, 0x00000000e0000000)
  object space 54784K, 72% used [0x00000000a0000000,0x00000000a26e7400,0x00000000a3580000)
 Metaspace       used 56862K, capacity 58758K, committed 58968K, reserved 1099776K
  class space    used 7728K, capacity 8196K, committed 8320K, reserved 1048576K
GC Heap History (10 events):
Event: 16.928 GC heap after
Heap after GC invocations=12 (full 2):
 PSYoungGen      total 117248K, used 0K [0x00000000e0000000, 0x00000000e9d80000, 0x0000000100000000)
  eden space 115200K, 0% used [0x00000000e0000000,0x00000000e0000000,0x00000000e7080000)
  from space 2048K, 0% used [0x00000000e7b80000,0x00000000e7b80000,0x00000000e7d80000)
  to   space 11264K, 0% used [0x00000000e7080000,0x00000000e7080000,0x00000000e7b80000)
 ParOldGen       total 54784K, used 14508K [0x00000000a0000000, 0x00000000a3580000, 0x00000000e0000000)
  object space 54784K, 26% used [0x00000000a0000000,0x00000000a0e2b2c0,0x00000000a3580000)
 Metaspace       used 34695K, capacity 35258K, committed 35416K, reserved 1079296K
  class space    used 4781K, capacity 4971K, committed 4992K, reserved 1048576K
}
Event: 21.152 GC heap before
{Heap before GC invocations=13 (full 2):
 PSYoungGen      total 117248K, used 115200K [0x00000000e0000000, 0x00000000e9d80000, 0x0000000100000000)
  eden space 115200K, 100% used [0x00000000e0000000,0x00000000e7080000,0x00000000e7080000)
  from space 2048K, 0% used [0x00000000e7b80000,0x00000000e7b80000,0x00000000e7d80000)
  to   space 11264K, 0% used [0x00000000e7080000,0x00000000e7080000,0x00000000e7b80000)
 ParOldGen       total 54784K, used 14508K [0x00000000a0000000, 0x00000000a3580000, 0x00000000e0000000)
  object space 54784K, 26% used [0x00000000a0000000,0x00000000a0e2b2c0,0x00000000a3580000)
 Metaspace       used 41943K, capacity 42820K, committed 42968K, reserved 1085440K
  class space    used 5767K, capacity 6065K, committed 6144K, reserved 1048576K
Event: 21.175 GC heap after
Heap after GC invocations=13 (full 2):
 PSYoungGen      total 126464K, used 11242K [0x00000000e0000000, 0x00000000eae00000, 0x0000000100000000)
  eden space 115200K, 0% used [0x00000000e0000000,0x00000000e0000000,0x00000000e7080000)
  from space 11264K, 99% used [0x00000000e7080000,0x00000000e7b7ab50,0x00000000e7b80000)
  to   space 13312K, 0% used [0x00000000ea100000,0x00000000ea100000,0x00000000eae00000)
 ParOldGen       total 54784K, used 16069K [0x00000000a0000000, 0x00000000a3580000, 0x00000000e0000000)
  object space 54784K, 29% used [0x00000000a0000000,0x00000000a0fb1788,0x00000000a3580000)
 Metaspace       used 41943K, capacity 42820K, committed 42968K, reserved 1085440K
  class space    used 5767K, capacity 6065K, committed 6144K, reserved 1048576K
}
Event: 26.249 GC heap before
{Heap before GC invocations=14 (full 2):
 PSYoungGen      total 126464K, used 126442K [0x00000000e0000000, 0x00000000eae00000, 0x0000000100000000)
  eden space 115200K, 100% used [0x00000000e0000000,0x00000000e7080000,0x00000000e7080000)
  from space 11264K, 99% used [0x00000000e7080000,0x00000000e7b7ab50,0x00000000e7b80000)
  to   space 13312K, 0% used [0x00000000ea100000,0x00000000ea100000,0x00000000eae00000)
 ParOldGen       total 54784K, used 16069K [0x00000000a0000000, 0x00000000a3580000, 0x00000000e0000000)
  object space 54784K, 29% used [0x00000000a0000000,0x00000000a0fb1788,0x00000000a3580000)
 Metaspace       used 51390K, capacity 52936K, committed 53080K, reserved 1095680K
  class space    used 7075K, capacity 7451K, committed 7552K, reserved 1048576K
Event: 26.283 GC heap after
Heap after GC invocations=14 (full 2):
 PSYoungGen      total 160768K, used 13308K [0x00000000e0000000, 0x00000000eb400000, 0x0000000100000000)
  eden space 147456K, 0% used [0x00000000e0000000,0x00000000e0000000,0x00000000e9000000)
  from space 13312K, 99% used [0x00000000ea100000,0x00000000eadff3e8,0x00000000eae00000)
  to   space 17408K, 0% used [0x00000000e9000000,0x00000000e9000000,0x00000000ea100000)
 ParOldGen       total 54784K, used 20977K [0x00000000a0000000, 0x00000000a3580000, 0x00000000e0000000)
  object space 54784K, 38% used [0x00000000a0000000,0x00000000a147c530,0x00000000a3580000)
 Metaspace       used 51390K, capacity 52936K, committed 53080K, reserved 1095680K
  class space    used 7075K, capacity 7451K, committed 7552K, reserved 1048576K
}
Event: 102.908 GC heap before
{Heap before GC invocations=15 (full 2):
 PSYoungGen      total 160768K, used 160479K [0x00000000e0000000, 0x00000000eb400000, 0x0000000100000000)
  eden space 147456K, 99% used [0x00000000e0000000,0x00000000e8fb8c08,0x00000000e9000000)
  from space 13312K, 99% used [0x00000000ea100000,0x00000000eadff3e8,0x00000000eae00000)
  to   space 17408K, 0% used [0x00000000e9000000,0x00000000e9000000,0x00000000ea100000)
 ParOldGen       total 54784K, used 20977K [0x00000000a0000000, 0x00000000a3580000, 0x00000000e0000000)
  object space 54784K, 38% used [0x00000000a0000000,0x00000000a147c530,0x00000000a3580000)
 Metaspace       used 56849K, capacity 58758K, committed 58968K, reserved 1099776K
  class space    used 7728K, capacity 8196K, committed 8320K, reserved 1048576K
Event: 102.986 GC heap after
Heap after GC invocations=15 (full 2):
 PSYoungGen      total 164864K, used 10900K [0x00000000e0000000, 0x00000000ed700000, 0x0000000100000000)
  eden space 147456K, 0% used [0x00000000e0000000,0x00000000e0000000,0x00000000e9000000)
  from space 17408K, 62% used [0x00000000e9000000,0x00000000e9aa5280,0x00000000ea100000)
  to   space 17408K, 0% used [0x00000000ec600000,0x00000000ec600000,0x00000000ed700000)
 ParOldGen       total 54784K, used 33269K [0x00000000a0000000, 0x00000000a3580000, 0x00000000e0000000)
  object space 54784K, 60% used [0x00000000a0000000,0x00000000a207d728,0x00000000a3580000)
 Metaspace       used 56849K, capacity 58758K, committed 58968K, reserved 1099776K
  class space    used 7728K, capacity 8196K, committed 8320K, reserved 1048576K
}
Event: 103.035 GC heap before
{Heap before GC invocations=16 (full 2):
 PSYoungGen      total 164864K, used 158098K [0x00000000e0000000, 0x00000000ed700000, 0x0000000100000000)
  eden space 147456K, 99% used [0x00000000e0000000,0x00000000e8fbf8d0,0x00000000e9000000)
  from space 17408K, 62% used [0x00000000e9000000,0x00000000e9aa5280,0x00000000ea100000)
  to   space 17408K, 0% used [0x00000000ec600000,0x00000000ec600000,0x00000000ed700000)
 ParOldGen       total 54784K, used 33269K [0x00000000a0000000, 0x00000000a3580000, 0x00000000e0000000)
  object space 54784K, 60% used [0x00000000a0000000,0x00000000a207d728,0x00000000a3580000)
 Metaspace       used 56860K, capacity 58758K, committed 58968K, reserved 1099776K
  class space    used 7728K, capacity 8196K, committed 8320K, reserved 1048576K
Event: 103.055 GC heap after
Heap after GC invocations=16 (full 2):
 PSYoungGen      total 203264K, used 7072K [0x00000000e0000000, 0x00000000ef980000, 0x0000000100000000)
  eden space 185856K, 0% used [0x00000000e0000000,0x00000000e0000000,0x00000000eb580000)
  from space 17408K, 40% used [0x00000000ec600000,0x00000000ecce8200,0x00000000ed700000)
  to   space 16896K, 0% used [0x00000000eb580000,0x00000000eb580000,0x00000000ec600000)
 ParOldGen       total 54784K, used 33277K [0x00000000a0000000, 0x00000000a3580000, 0x00000000e0000000)
  object space 54784K, 60% used [0x00000000a0000000,0x00000000a207f728,0x00000000a3580000)
 Metaspace       used 56860K, capacity 58758K, committed 58968K, reserved 1099776K
  class space    used 7728K, capacity 8196K, committed 8320K, reserved 1048576K
}
Event: 103.114 GC heap before
{Heap before GC invocations=17 (full 2):
 PSYoungGen      total 203264K, used 192108K [0x00000000e0000000, 0x00000000ef980000, 0x0000000100000000)
  eden space 185856K, 99% used [0x00000000e0000000,0x00000000eb4b2f58,0x00000000eb580000)
  from space 17408K, 40% used [0x00000000ec600000,0x00000000ecce8200,0x00000000ed700000)
  to   space 16896K, 0% used [0x00000000eb580000,0x00000000eb580000,0x00000000ec600000)
 ParOldGen       total 54784K, used 33277K [0x00000000a0000000, 0x00000000a3580000, 0x00000000e0000000)
  object space 54784K, 60% used [0x00000000a0000000,0x00000000a207f728,0x00000000a3580000)
 Metaspace       used 56862K, capacity 58758K, committed 58968K, reserved 1099776K
  class space    used 7728K, capacity 8196K, committed 8320K, reserved 1048576K

