# JRE version: OpenJDK Runtime Environment (8.0_152-b01) (build 1.8.0_152-release-1024-b01)
# Java VM: OpenJDK 64-Bit Server VM (25.152-b01 mixed mode linux-amd64 compressed oops)
Heap:
 PSYoungGen      total 275456K, used 15854K [0x00000000e0000000, 0x00000000f5f80000, 0x0000000100000000)
  eden space 247296K, 0% used [0x00000000e0000000,0x00000000e0000000,0x00000000ef180000)
  from space 28160K, 56% used [0x00000000ef180000,0x00000000f00fb868,0x00000000f0d00000)
  to   space 28160K, 0% used [0x00000000f0d00000,0x00000000f0d00000,0x00000000f2880000)
 ParOldGen       total 94208K, used 36817K [0x00000000a0000000, 0x00000000a5c00000, 0x00000000e0000000)
  object space 94208K, 39% used [0x00000000a0000000,0x00000000a23f4558,0x00000000a5c00000)
 Metaspace       used 71562K, capacity 74468K, committed 74584K, reserved 1114112K
  class space    used 9492K, capacity 10089K, committed 10112K, reserved 1048576K
GC Heap History (10 events):
Event: 55.985 GC heap after
Heap after GC invocations=13 (full 3):
 PSYoungGen      total 184832K, used 0K [0x00000000e0000000, 0x00000000ed100000, 0x0000000100000000)
  eden space 164352K, 0% used [0x00000000e0000000,0x00000000e0000000,0x00000000ea080000)
  from space 20480K, 0% used [0x00000000eb880000,0x00000000eb880000,0x00000000ecc80000)
  to   space 24576K, 0% used [0x00000000ea080000,0x00000000ea080000,0x00000000eb880000)
 ParOldGen       total 94208K, used 36785K [0x00000000a0000000, 0x00000000a5c00000, 0x00000000e0000000)
  object space 94208K, 39% used [0x00000000a0000000,0x00000000a23ec558,0x00000000a5c00000)
 Metaspace       used 57243K, capacity 59006K, committed 59028K, reserved 1099776K
  class space    used 7745K, capacity 8186K, committed 8192K, reserved 1048576K
}
Event: 63.713 GC heap before
{Heap before GC invocations=14 (full 3):
 PSYoungGen      total 184832K, used 164352K [0x00000000e0000000, 0x00000000ed100000, 0x0000000100000000)
  eden space 164352K, 100% used [0x00000000e0000000,0x00000000ea080000,0x00000000ea080000)
  from space 20480K, 0% used [0x00000000eb880000,0x00000000eb880000,0x00000000ecc80000)
  to   space 24576K, 0% used [0x00000000ea080000,0x00000000ea080000,0x00000000eb880000)
 ParOldGen       total 94208K, used 36785K [0x00000000a0000000, 0x00000000a5c00000, 0x00000000e0000000)
  object space 94208K, 39% used [0x00000000a0000000,0x00000000a23ec558,0x00000000a5c00000)
 Metaspace       used 68718K, capacity 71394K, committed 71640K, reserved 1112064K
  class space    used 9152K, capacity 9728K, committed 9728K, reserved 1048576K
Event: 63.756 GC heap after
Heap after GC invocations=14 (full 3):
 PSYoungGen      total 188928K, used 19117K [0x00000000e0000000, 0x00000000ef780000, 0x0000000100000000)
  eden space 164352K, 0% used [0x00000000e0000000,0x00000000e0000000,0x00000000ea080000)
  from space 24576K, 77% used [0x00000000ea080000,0x00000000eb32b4b8,0x00000000eb880000)
  to   space 26624K, 0% used [0x00000000edd80000,0x00000000edd80000,0x00000000ef780000)
 ParOldGen       total 94208K, used 36793K [0x00000000a0000000, 0x00000000a5c00000, 0x00000000e0000000)
  object space 94208K, 39% used [0x00000000a0000000,0x00000000a23ee558,0x00000000a5c00000)
 Metaspace       used 68718K, capacity 71394K, committed 71640K, reserved 1112064K
  class space    used 9152K, capacity 9728K, committed 9728K, reserved 1048576K
}
Event: 68.616 GC heap before
{Heap before GC invocations=15 (full 3):
 PSYoungGen      total 188928K, used 183469K [0x00000000e0000000, 0x00000000ef780000, 0x0000000100000000)
  eden space 164352K, 100% used [0x00000000e0000000,0x00000000ea080000,0x00000000ea080000)
  from space 24576K, 77% used [0x00000000ea080000,0x00000000eb32b4b8,0x00000000eb880000)
  to   space 26624K, 0% used [0x00000000edd80000,0x00000000edd80000,0x00000000ef780000)
 ParOldGen       total 94208K, used 36793K [0x00000000a0000000, 0x00000000a5c00000, 0x00000000e0000000)
  object space 94208K, 39% used [0x00000000a0000000,0x00000000a23ee558,0x00000000a5c00000)
 Metaspace       used 70124K, capacity 72920K, committed 73176K, reserved 1112064K
  class space    used 9309K, capacity 9925K, committed 9984K, reserved 1048576K
Event: 68.639 GC heap after
Heap after GC invocations=15 (full 3):
 PSYoungGen      total 223744K, used 14429K [0x00000000e0000000, 0x00000000ef580000, 0x0000000100000000)
  eden space 199168K, 0% used [0x00000000e0000000,0x00000000e0000000,0x00000000ec280000)
  from space 24576K, 58% used [0x00000000edd80000,0x00000000eeb976e8,0x00000000ef580000)
  to   space 26112K, 0% used [0x00000000ec280000,0x00000000ec280000,0x00000000edc00000)
 ParOldGen       total 94208K, used 36801K [0x00000000a0000000, 0x00000000a5c00000, 0x00000000e0000000)
  object space 94208K, 39% used [0x00000000a0000000,0x00000000a23f0558,0x00000000a5c00000)
 Metaspace       used 70124K, capacity 72920K, committed 73176K, reserved 1112064K
  class space    used 9309K, capacity 9925K, committed 9984K, reserved 1048576K
}
Event: 71.811 GC heap before
{Heap before GC invocations=16 (full 3):
 PSYoungGen      total 223744K, used 213345K [0x00000000e0000000, 0x00000000ef580000, 0x0000000100000000)
  eden space 199168K, 99% used [0x00000000e0000000,0x00000000ec240e40,0x00000000ec280000)
  from space 24576K, 58% used [0x00000000edd80000,0x00000000eeb976e8,0x00000000ef580000)
  to   space 26112K, 0% used [0x00000000ec280000,0x00000000ec280000,0x00000000edc00000)
 ParOldGen       total 94208K, used 36801K [0x00000000a0000000, 0x00000000a5c00000, 0x00000000e0000000)
  object space 94208K, 39% used [0x00000000a0000000,0x00000000a23f0558,0x00000000a5c00000)
 Metaspace       used 71550K, capacity 74468K, committed 74584K, reserved 1114112K
  class space    used 9492K, capacity 10089K, committed 10112K, reserved 1048576K
Event: 71.844 GC heap after
Heap after GC invocations=16 (full 3):
 PSYoungGen      total 225280K, used 21227K [0x00000000e0000000, 0x00000000f2880000, 0x0000000100000000)
  eden space 199168K, 0% used [0x00000000e0000000,0x00000000e0000000,0x00000000ec280000)
  from space 26112K, 81% used [0x00000000ec280000,0x00000000ed73af60,0x00000000edc00000)
  to   space 28160K, 0% used [0x00000000f0d00000,0x00000000f0d00000,0x00000000f2880000)
 ParOldGen       total 94208K, used 36809K [0x00000000a0000000, 0x00000000a5c00000, 0x00000000e0000000)
  object space 94208K, 39% used [0x00000000a0000000,0x00000000a23f2558,0x00000000a5c00000)
 Metaspace       used 71550K, capacity 74468K, committed 74584K, reserved 1114112K
  class space    used 9492K, capacity 10089K, committed 10112K, reserved 1048576K
}
Event: 71.911 GC heap before
{Heap before GC invocations=17 (full 3):
 PSYoungGen      total 225280K, used 219744K [0x00000000e0000000, 0x00000000f2880000, 0x0000000100000000)
  eden space 199168K, 99% used [0x00000000e0000000,0x00000000ec1dd390,0x00000000ec280000)
  from space 26112K, 81% used [0x00000000ec280000,0x00000000ed73af60,0x00000000edc00000)
  to   space 28160K, 0% used [0x00000000f0d00000,0x00000000f0d00000,0x00000000f2880000)
 ParOldGen       total 94208K, used 36809K [0x00000000a0000000, 0x00000000a5c00000, 0x00000000e0000000)
  object space 94208K, 39% used [0x00000000a0000000,0x00000000a23f2558,0x00000000a5c00000)
 Metaspace       used 71556K, capacity 74468K, committed 74584K, reserved 1114112K
  class space    used 9492K, capacity 10089K, committed 10112K, reserved 1048576K
Event: 71.933 GC heap after
Heap after GC invocations=17 (full 3):
 PSYoungGen      total 275456K, used 16284K [0x00000000e0000000, 0x00000000f5f80000, 0x0000000100000000)
  eden space 247296K, 0% used [0x00000000e0000000,0x00000000e0000000,0x00000000ef180000)
  from space 28160K, 57% used [0x00000000f0d00000,0x00000000f1ce7370,0x00000000f2880000)
  to   space 28160K, 0% used [0x00000000ef180000,0x00000000ef180000,0x00000000f0d00000)
 ParOldGen       total 94208K, used 36817K [0x00000000a0000000, 0x00000000a5c00000, 0x00000000e0000000)
  object space 94208K, 39% used [0x00000000a0000000,0x00000000a23f4558,0x00000000a5c00000)
 Metaspace       used 71556K, capacity 74468K, committed 74584K, reserved 1114112K
  class space    used 9492K, capacity 10089K, committed 10112K, reserved 1048576K
}
Event: 72.006 GC heap before
{Heap before GC invocations=18 (full 3):
 PSYoungGen      total 275456K, used 263026K [0x00000000e0000000, 0x00000000f5f80000, 0x0000000100000000)
  eden space 247296K, 99% used [0x00000000e0000000,0x00000000ef0f54a8,0x00000000ef180000)
  from space 28160K, 57% used [0x00000000f0d00000,0x00000000f1ce7370,0x00000000f2880000)
  to   space 28160K, 0% used [0x00000000ef180000,0x00000000ef180000,0x00000000f0d00000)
 ParOldGen       total 94208K, used 36817K [0x00000000a0000000, 0x00000000a5c00000, 0x00000000e0000000)
  object space 94208K, 39% used [0x00000000a0000000,0x00000000a23f4558,0x00000000a5c00000)
 Metaspace       used 71562K, capacity 74468K, committed 74584K, reserved 1114112K
  class space    used 9492K, capacity 10089K, committed 10112K, reserved 1048576K

