# JRE version: OpenJDK Runtime Environment (8.0_152-b01) (build 1.8.0_152-release-1024-b01)
# Java VM: OpenJDK 64-Bit Server VM (25.152-b01 mixed mode linux-amd64 compressed oops)
Heap:
 PSYoungGen      total 219136K, used 23034K [0x00000000e0000000, 0x00000000eec80000, 0x0000000100000000)
  eden space 196096K, 0% used [0x00000000e0000000,0x00000000e0000000,0x00000000ebf80000)
  from space 23040K, 99% used [0x00000000ebf80000,0x00000000ed5fea70,0x00000000ed600000)
  to   space 19968K, 0% used [0x00000000ed900000,0x00000000ed900000,0x00000000eec80000)
 ParOldGen       total 88064K, used 70682K [0x00000000a0000000, 0x00000000a5600000, 0x00000000e0000000)
  object space 88064K, 80% used [0x00000000a0000000,0x00000000a4506b08,0x00000000a5600000)
 Metaspace       used 68343K, capacity 71178K, committed 71384K, reserved 1110016K
  class space    used 9266K, capacity 9886K, committed 9984K, reserved 1048576K
GC Heap History (10 events):
Event: 17.338 GC heap after
Heap after GC invocations=9 (full 2):
 PSYoungGen      total 130048K, used 0K [0x00000000e0000000, 0x00000000eb300000, 0x0000000100000000)
  eden space 119296K, 0% used [0x00000000e0000000,0x00000000e0000000,0x00000000e7480000)
  from space 10752K, 0% used [0x00000000e7480000,0x00000000e7480000,0x00000000e7f00000)
  to   space 13824K, 0% used [0x00000000ea580000,0x00000000ea580000,0x00000000eb300000)
 ParOldGen       total 57344K, used 19491K [0x00000000a0000000, 0x00000000a3800000, 0x00000000e0000000)
  object space 57344K, 33% used [0x00000000a0000000,0x00000000a1308d50,0x00000000a3800000)
 Metaspace       used 34747K, capacity 35258K, committed 35416K, reserved 1079296K
  class space    used 4781K, capacity 4971K, committed 4992K, reserved 1048576K
}
Event: 21.477 GC heap before
{Heap before GC invocations=10 (full 2):
 PSYoungGen      total 130048K, used 119296K [0x00000000e0000000, 0x00000000eb300000, 0x0000000100000000)
  eden space 119296K, 100% used [0x00000000e0000000,0x00000000e7480000,0x00000000e7480000)
  from space 10752K, 0% used [0x00000000e7480000,0x00000000e7480000,0x00000000e7f00000)
  to   space 13824K, 0% used [0x00000000ea580000,0x00000000ea580000,0x00000000eb300000)
 ParOldGen       total 57344K, used 19491K [0x00000000a0000000, 0x00000000a3800000, 0x00000000e0000000)
  object space 57344K, 33% used [0x00000000a0000000,0x00000000a1308d50,0x00000000a3800000)
 Metaspace       used 42267K, capacity 43114K, committed 43224K, reserved 1087488K
  class space    used 5832K, capacity 6098K, committed 6144K, reserved 1048576K
Event: 21.515 GC heap after
Heap after GC invocations=10 (full 2):
 PSYoungGen      total 167424K, used 13147K [0x00000000e0000000, 0x00000000ed200000, 0x0000000100000000)
  eden space 153600K, 0% used [0x00000000e0000000,0x00000000e0000000,0x00000000e9600000)
  from space 13824K, 95% used [0x00000000ea580000,0x00000000eb256c60,0x00000000eb300000)
  to   space 15872K, 0% used [0x00000000e9600000,0x00000000e9600000,0x00000000ea580000)
 ParOldGen       total 57344K, used 19499K [0x00000000a0000000, 0x00000000a3800000, 0x00000000e0000000)
  object space 57344K, 34% used [0x00000000a0000000,0x00000000a130ad50,0x00000000a3800000)
 Metaspace       used 42267K, capacity 43114K, committed 43224K, reserved 1087488K
  class space    used 5832K, capacity 6098K, committed 6144K, reserved 1048576K
}
Event: 31.017 GC heap before
{Heap before GC invocations=11 (full 2):
 PSYoungGen      total 167424K, used 166747K [0x00000000e0000000, 0x00000000ed200000, 0x0000000100000000)
  eden space 153600K, 100% used [0x00000000e0000000,0x00000000e9600000,0x00000000e9600000)
  from space 13824K, 95% used [0x00000000ea580000,0x00000000eb256c60,0x00000000eb300000)
  to   space 15872K, 0% used [0x00000000e9600000,0x00000000e9600000,0x00000000ea580000)
 ParOldGen       total 57344K, used 19499K [0x00000000a0000000, 0x00000000a3800000, 0x00000000e0000000)
  object space 57344K, 34% used [0x00000000a0000000,0x00000000a130ad50,0x00000000a3800000)
 Metaspace       used 52890K, capacity 54402K, committed 54488K, reserved 1095680K
  class space    used 7248K, capacity 7618K, committed 7680K, reserved 1048576K
Event: 31.095 GC heap after
Heap after GC invocations=11 (full 2):
 PSYoungGen      total 169472K, used 15853K [0x00000000e0000000, 0x00000000eed80000, 0x0000000100000000)
  eden space 153600K, 0% used [0x00000000e0000000,0x00000000e0000000,0x00000000e9600000)
  from space 15872K, 99% used [0x00000000e9600000,0x00000000ea57b520,0x00000000ea580000)
  to   space 20992K, 0% used [0x00000000ed900000,0x00000000ed900000,0x00000000eed80000)
 ParOldGen       total 57344K, used 26492K [0x00000000a0000000, 0x00000000a3800000, 0x00000000e0000000)
  object space 57344K, 46% used [0x00000000a0000000,0x00000000a19df2d0,0x00000000a3800000)
 Metaspace       used 52890K, capacity 54402K, committed 54488K, reserved 1095680K
  class space    used 7248K, capacity 7618K, committed 7680K, reserved 1048576K
}
Event: 63.478 GC heap before
{Heap before GC invocations=12 (full 2):
 PSYoungGen      total 169472K, used 107411K [0x00000000e0000000, 0x00000000eed80000, 0x0000000100000000)
  eden space 153600K, 59% used [0x00000000e0000000,0x00000000e5969938,0x00000000e9600000)
  from space 15872K, 99% used [0x00000000e9600000,0x00000000ea57b520,0x00000000ea580000)
  to   space 20992K, 0% used [0x00000000ed900000,0x00000000ed900000,0x00000000eed80000)
 ParOldGen       total 57344K, used 26492K [0x00000000a0000000, 0x00000000a3800000, 0x00000000e0000000)
  object space 57344K, 46% used [0x00000000a0000000,0x00000000a19df2d0,0x00000000a3800000)
 Metaspace       used 57220K, capacity 58944K, committed 59028K, reserved 1099776K
  class space    used 7786K, capacity 8187K, committed 8192K, reserved 1048576K
Event: 63.550 GC heap after
Heap after GC invocations=12 (full 2):
 PSYoungGen      total 216064K, used 16979K [0x00000000e0000000, 0x00000000eec80000, 0x0000000100000000)
  eden space 196096K, 0% used [0x00000000e0000000,0x00000000e0000000,0x00000000ebf80000)
  from space 19968K, 85% used [0x00000000ed900000,0x00000000ee994f48,0x00000000eec80000)
  to   space 23040K, 0% used [0x00000000ebf80000,0x00000000ebf80000,0x00000000ed600000)
 ParOldGen       total 57344K, used 34281K [0x00000000a0000000, 0x00000000a3800000, 0x00000000e0000000)
  object space 57344K, 59% used [0x00000000a0000000,0x00000000a217a458,0x00000000a3800000)
 Metaspace       used 57220K, capacity 58944K, committed 59028K, reserved 1099776K
  class space    used 7786K, capacity 8187K, committed 8192K, reserved 1048576K
}
Event: 63.550 GC heap before
{Heap before GC invocations=13 (full 3):
 PSYoungGen      total 216064K, used 16979K [0x00000000e0000000, 0x00000000eec80000, 0x0000000100000000)
  eden space 196096K, 0% used [0x00000000e0000000,0x00000000e0000000,0x00000000ebf80000)
  from space 19968K, 85% used [0x00000000ed900000,0x00000000ee994f48,0x00000000eec80000)
  to   space 23040K, 0% used [0x00000000ebf80000,0x00000000ebf80000,0x00000000ed600000)
 ParOldGen       total 57344K, used 34281K [0x00000000a0000000, 0x00000000a3800000, 0x00000000e0000000)
  object space 57344K, 59% used [0x00000000a0000000,0x00000000a217a458,0x00000000a3800000)
 Metaspace       used 57220K, capacity 58944K, committed 59028K, reserved 1099776K
  class space    used 7786K, capacity 8187K, committed 8192K, reserved 1048576K
Event: 63.879 GC heap after
Heap after GC invocations=13 (full 3):
 PSYoungGen      total 216064K, used 0K [0x00000000e0000000, 0x00000000eec80000, 0x0000000100000000)
  eden space 196096K, 0% used [0x00000000e0000000,0x00000000e0000000,0x00000000ebf80000)
  from space 19968K, 0% used [0x00000000ed900000,0x00000000ed900000,0x00000000eec80000)
  to   space 23040K, 0% used [0x00000000ebf80000,0x00000000ebf80000,0x00000000ed600000)
 ParOldGen       total 88064K, used 37749K [0x00000000a0000000, 0x00000000a5600000, 0x00000000e0000000)
  object space 88064K, 42% used [0x00000000a0000000,0x00000000a24dd640,0x00000000a5600000)
 Metaspace       used 57213K, capacity 58920K, committed 59028K, reserved 1099776K
  class space    used 7784K, capacity 8183K, committed 8192K, reserved 1048576K
}
Event: 84.297 GC heap before
{Heap before GC invocations=14 (full 3):
 PSYoungGen      total 216064K, used 196096K [0x00000000e0000000, 0x00000000eec80000, 0x0000000100000000)
  eden space 196096K, 100% used [0x00000000e0000000,0x00000000ebf80000,0x00000000ebf80000)
  from space 19968K, 0% used [0x00000000ed900000,0x00000000ed900000,0x00000000eec80000)
  to   space 23040K, 0% used [0x00000000ebf80000,0x00000000ebf80000,0x00000000ed600000)
 ParOldGen       total 88064K, used 37749K [0x00000000a0000000, 0x00000000a5600000, 0x00000000e0000000)
  object space 88064K, 42% used [0x00000000a0000000,0x00000000a24dd640,0x00000000a5600000)
 Metaspace       used 68343K, capacity 71178K, committed 71384K, reserved 1110016K
  class space    used 9266K, capacity 9886K, committed 9984K, reserved 1048576K

